<?xml version="1.0" encoding="UTF-8"?>
<testng-results ignored="0" total="3" passed="3" failed="0" skipped="0">
  <reporter-output>
  </reporter-output>
  <suite started-at="2025-09-04T14:24:03 IST" name="Suite" finished-at="2025-09-04T14:24:22 IST" duration-ms="19775">
    <groups>
    </groups>
    <test started-at="2025-09-04T14:24:03 IST" name="Test-parallel" finished-at="2025-09-04T14:24:22 IST" duration-ms="19775">
      <class name="testcases.TC_003_CreateAccount">
        <test-method is-config="true" signature="preConditions()[pri:0, instance:testcases.TC_003_CreateAccount@6c284af]" started-at="2025-09-04T14:24:15 IST" name="preConditions" finished-at="2025-09-04T14:24:20 IST" duration-ms="4734" status="PASS">
          <reporter-output>
          </reporter-output>
        </test-method> <!-- preConditions -->
        <test-method signature="createLead()[pri:0, instance:testcases.TC_003_CreateAccount@6c284af]" started-at="2025-09-04T14:24:20 IST" name="createLead" finished-at="2025-09-04T14:24:22 IST" duration-ms="2282" status="PASS">
          <reporter-output>
          </reporter-output>
        </test-method> <!-- createLead -->
        <test-method is-config="true" signature="postConditions()[pri:0, instance:testcases.TC_003_CreateAccount@6c284af]" started-at="2025-09-04T14:24:22 IST" name="postConditions" finished-at="2025-09-04T14:24:22 IST" duration-ms="131" status="PASS">
          <reporter-output>
          </reporter-output>
        </test-method> <!-- postConditions -->
      </class> <!-- testcases.TC_003_CreateAccount -->
      <class name="testcases.TC_002_LogoutPage">
        <test-method is-config="true" signature="preConditions()[pri:0, instance:testcases.TC_002_LogoutPage@7e057f43]" started-at="2025-09-04T14:24:10 IST" name="preConditions" finished-at="2025-09-04T14:24:15 IST" duration-ms="4732" status="PASS">
          <reporter-output>
          </reporter-output>
        </test-method> <!-- preConditions -->
        <test-method signature="runLogout()[pri:0, instance:testcases.TC_002_LogoutPage@7e057f43]" started-at="2025-09-04T14:24:15 IST" name="runLogout" finished-at="2025-09-04T14:24:15 IST" duration-ms="464" status="PASS">
          <reporter-output>
          </reporter-output>
        </test-method> <!-- runLogout -->
        <test-method is-config="true" signature="postConditions()[pri:0, instance:testcases.TC_002_LogoutPage@7e057f43]" started-at="2025-09-04T14:24:15 IST" name="postConditions" finished-at="2025-09-04T14:24:15 IST" duration-ms="121" status="PASS">
          <reporter-output>
          </reporter-output>
        </test-method> <!-- postConditions -->
      </class> <!-- testcases.TC_002_LogoutPage -->
      <class name="testcases.TC_001_LoginPage">
        <test-method is-config="true" signature="preConditions()[pri:0, instance:testcases.TC_001_LoginPage@663c9e7a]" started-at="2025-09-04T14:24:03 IST" name="preConditions" finished-at="2025-09-04T14:24:08 IST" duration-ms="5788" status="PASS">
          <reporter-output>
          </reporter-output>
        </test-method> <!-- preConditions -->
        <test-method signature="runLogin()[pri:0, instance:testcases.TC_001_LoginPage@663c9e7a]" started-at="2025-09-04T14:24:08 IST" name="runLogin" finished-at="2025-09-04T14:24:10 IST" duration-ms="1362" status="PASS">
          <reporter-output>
          </reporter-output>
        </test-method> <!-- runLogin -->
        <test-method is-config="true" signature="postConditions()[pri:0, instance:testcases.TC_001_LoginPage@663c9e7a]" started-at="2025-09-04T14:24:10 IST" name="postConditions" finished-at="2025-09-04T14:24:10 IST" duration-ms="128" status="PASS">
          <reporter-output>
          </reporter-output>
        </test-method> <!-- postConditions -->
      </class> <!-- testcases.TC_001_LoginPage -->
    </test> <!-- Test-parallel -->
  </suite> <!-- Suite -->
</testng-results>
